{"total": {"lines":{"total":93,"covered":92,"skipped":0,"pct":98.92},"statements":{"total":96,"covered":95,"skipped":0,"pct":98.96},"functions":{"total":31,"covered":30,"skipped":0,"pct":96.77},"branches":{"total":86,"covered":81,"skipped":0,"pct":94.19}}
,"/home/server/redfoxfinn_io/src/components/about.jsx": {"lines":{"total":13,"covered":13,"skipped":0,"pct":100},"functions":{"total":4,"covered":4,"skipped":0,"pct":100},"statements":{"total":13,"covered":13,"skipped":0,"pct":100},"branches":{"total":4,"covered":4,"skipped":0,"pct":100}}
,"/home/server/redfoxfinn_io/src/components/home.jsx": {"lines":{"total":8,"covered":8,"skipped":0,"pct":100},"functions":{"total":3,"covered":3,"skipped":0,"pct":100},"statements":{"total":8,"covered":8,"skipped":0,"pct":100},"branches":{"total":4,"covered":4,"skipped":0,"pct":100}}
,"/home/server/redfoxfinn_io/src/components/text.jsx": {"lines":{"total":14,"covered":13,"skipped":0,"pct":92.86},"functions":{"total":9,"covered":8,"skipped":0,"pct":88.89},"statements":{"total":17,"covered":16,"skipped":0,"pct":94.12},"branches":{"total":10,"covered":5,"skipped":0,"pct":50}}
,"/home/server/redfoxfinn_io/src/tools/text.js": {"lines":{"total":58,"covered":58,"skipped":0,"pct":100},"functions":{"total":15,"covered":15,"skipped":0,"pct":100},"statements":{"total":58,"covered":58,"skipped":0,"pct":100},"branches":{"total":68,"covered":68,"skipped":0,"pct":100}}
}
