{"/home/server/redfoxfinn_io/src/tools/theme.js": {"path":"/home/server/redfoxfinn_io/src/tools/theme.js","statementMap":{"0":{"start":{"line":3,"column":19},"end":{"line":20,"column":1}},"1":{"start":{"line":4,"column":14},"end":{"line":4,"column":50}},"2":{"start":{"line":5,"column":2},"end":{"line":19,"column":3}},"3":{"start":{"line":6,"column":4},"end":{"line":10,"column":6}},"4":{"start":{"line":12,"column":4},"end":{"line":12,"column":14}},"5":{"start":{"line":13,"column":4},"end":{"line":13,"column":49}},"6":{"start":{"line":14,"column":4},"end":{"line":18,"column":6}},"7":{"start":{"line":22,"column":17},"end":{"line":37,"column":1}},"8":{"start":{"line":23,"column":2},"end":{"line":36,"column":3}},"9":{"start":{"line":25,"column":6},"end":{"line":25,"column":17}},"10":{"start":{"line":26,"column":6},"end":{"line":26,"column":12}},"11":{"start":{"line":29,"column":6},"end":{"line":29,"column":16}},"12":{"start":{"line":30,"column":6},"end":{"line":30,"column":12}},"13":{"start":{"line":33,"column":6},"end":{"line":33,"column":16}},"14":{"start":{"line":34,"column":6},"end":{"line":34,"column":12}},"15":{"start":{"line":39,"column":17},"end":{"line":42,"column":1}},"16":{"start":{"line":40,"column":2},"end":{"line":40,"column":48}},"17":{"start":{"line":41,"column":2},"end":{"line":41,"column":95}},"18":{"start":{"line":44,"column":16},"end":{"line":47,"column":1}},"19":{"start":{"line":45,"column":2},"end":{"line":45,"column":47}},"20":{"start":{"line":46,"column":2},"end":{"line":46,"column":94}}},"fnMap":{"0":{"name":"(anonymous_0)","decl":{"start":{"line":3,"column":19},"end":{"line":3,"column":20}},"loc":{"start":{"line":3,"column":25},"end":{"line":20,"column":1}},"line":3},"1":{"name":"(anonymous_1)","decl":{"start":{"line":22,"column":17},"end":{"line":22,"column":18}},"loc":{"start":{"line":22,"column":28},"end":{"line":37,"column":1}},"line":22},"2":{"name":"(anonymous_2)","decl":{"start":{"line":39,"column":17},"end":{"line":39,"column":18}},"loc":{"start":{"line":39,"column":23},"end":{"line":42,"column":1}},"line":39},"3":{"name":"(anonymous_3)","decl":{"start":{"line":44,"column":16},"end":{"line":44,"column":17}},"loc":{"start":{"line":44,"column":22},"end":{"line":47,"column":1}},"line":44}},"branchMap":{"0":{"loc":{"start":{"line":5,"column":2},"end":{"line":19,"column":3}},"type":"if","locations":[{"start":{"line":5,"column":2},"end":{"line":19,"column":3}},{"start":{"line":5,"column":2},"end":{"line":19,"column":3}}],"line":5},"1":{"loc":{"start":{"line":23,"column":2},"end":{"line":36,"column":3}},"type":"switch","locations":[{"start":{"line":24,"column":4},"end":{"line":27,"column":5}},{"start":{"line":28,"column":4},"end":{"line":31,"column":5}},{"start":{"line":32,"column":4},"end":{"line":35,"column":5}}],"line":23}},"s":{"0":0,"1":0,"2":0,"3":0,"4":0,"5":0,"6":0,"7":0,"8":0,"9":0,"10":0,"11":0,"12":0,"13":0,"14":0,"15":0,"16":0,"17":0,"18":0,"19":0,"20":0},"f":{"0":0,"1":0,"2":0,"3":0},"b":{"0":[0,0],"1":[0,0,0]}}
}
