{"total": {"lines":{"total":170,"covered":113,"skipped":0,"pct":66.47},"statements":{"total":172,"covered":115,"skipped":0,"pct":66.86},"functions":{"total":52,"covered":28,"skipped":0,"pct":53.85},"branches":{"total":93,"covered":73,"skipped":0,"pct":78.49}}
,"/home/server/redfoxfinn_io/src/components/home.jsx": {"lines":{"total":12,"covered":12,"skipped":0,"pct":100},"functions":{"total":6,"covered":6,"skipped":0,"pct":100},"statements":{"total":14,"covered":14,"skipped":0,"pct":100},"branches":{"total":0,"covered":0,"skipped":0,"pct":100}}
,"/home/server/redfoxfinn_io/src/components/text.jsx": {"lines":{"total":4,"covered":4,"skipped":0,"pct":100},"functions":{"total":2,"covered":2,"skipped":0,"pct":100},"statements":{"total":4,"covered":4,"skipped":0,"pct":100},"branches":{"total":0,"covered":0,"skipped":0,"pct":100}}
,"/home/server/redfoxfinn_io/src/tools/checker.js": {"lines":{"total":5,"covered":5,"skipped":0,"pct":100},"functions":{"total":2,"covered":2,"skipped":0,"pct":100},"statements":{"total":5,"covered":5,"skipped":0,"pct":100},"branches":{"total":0,"covered":0,"skipped":0,"pct":100}}
,"/home/server/redfoxfinn_io/src/tools/language.js": {"lines":{"total":15,"covered":13,"skipped":0,"pct":86.67},"functions":{"total":2,"covered":2,"skipped":0,"pct":100},"statements":{"total":15,"covered":13,"skipped":0,"pct":86.67},"branches":{"total":10,"covered":9,"skipped":0,"pct":90}}
,"/home/server/redfoxfinn_io/src/tools/styles.js": {"lines":{"total":62,"covered":30,"skipped":0,"pct":48.39},"functions":{"total":25,"covered":5,"skipped":0,"pct":20},"statements":{"total":62,"covered":30,"skipped":0,"pct":48.39},"branches":{"total":10,"covered":0,"skipped":0,"pct":0}}
,"/home/server/redfoxfinn_io/src/tools/text.js": {"lines":{"total":49,"covered":49,"skipped":0,"pct":100},"functions":{"total":11,"covered":11,"skipped":0,"pct":100},"statements":{"total":49,"covered":49,"skipped":0,"pct":100},"branches":{"total":64,"covered":64,"skipped":0,"pct":100}}
,"/home/server/redfoxfinn_io/src/tools/theme.js": {"lines":{"total":23,"covered":0,"skipped":0,"pct":0},"functions":{"total":4,"covered":0,"skipped":0,"pct":0},"statements":{"total":23,"covered":0,"skipped":0,"pct":0},"branches":{"total":9,"covered":0,"skipped":0,"pct":0}}
}
