TN:
SF:src/components/home.jsx
FN:27,(anonymous_0)
FN:30,(anonymous_1)
FN:31,(anonymous_2)
FN:33,(anonymous_3)
FN:37,(anonymous_4)
FN:52,(anonymous_5)
FNF:6
FNH:6
FNDA:4,(anonymous_0)
FNDA:12,(anonymous_1)
FNDA:12,(anonymous_2)
FNDA:4,(anonymous_3)
FNDA:8,(anonymous_4)
FNDA:4,(anonymous_5)
DA:27,2
DA:28,4
DA:29,4
DA:30,12
DA:31,12
DA:32,4
DA:34,4
DA:35,4
DA:38,8
DA:39,8
DA:52,2
DA:53,4
LF:12
LH:12
BRF:0
BRH:0
end_of_record
TN:
SF:src/components/text.jsx
FN:23,(anonymous_0)
FN:38,(anonymous_1)
FNF:2
FNH:2
FNDA:4,(anonymous_0)
FNDA:8,(anonymous_1)
DA:23,3
DA:24,4
DA:38,3
DA:39,8
LF:4
LH:4
BRF:0
BRH:0
end_of_record
TN:
SF:src/tools/checker.js
FN:15,(anonymous_0)
FN:19,(anonymous_1)
FNF:2
FNH:2
FNDA:72,(anonymous_0)
FNDA:18,(anonymous_1)
DA:10,9
DA:15,9
DA:16,72
DA:19,9
DA:20,18
LF:5
LH:5
BRF:0
BRH:0
end_of_record
TN:
SF:src/tools/language.js
FN:12,(anonymous_0)
FN:22,(anonymous_1)
FNF:2
FNH:2
FNDA:10,(anonymous_0)
FNDA:3,(anonymous_1)
DA:12,4
DA:13,10
DA:14,10
DA:15,6
DA:17,4
DA:18,4
DA:22,4
DA:23,3
DA:24,2
DA:25,2
DA:31,1
DA:32,1
DA:33,0
DA:34,0
DA:36,1
LF:15
LH:13
BRDA:14,0,0,6
BRDA:14,0,1,4
BRDA:14,1,0,10
BRDA:14,1,1,6
BRDA:23,2,0,2
BRDA:23,2,1,1
BRDA:32,3,0,0
BRDA:32,3,1,1
BRDA:32,4,0,1
BRDA:32,4,1,1
BRF:10
BRH:9
end_of_record
TN:
SF:src/tools/styles.js
FN:12,(anonymous_0)
FN:21,(anonymous_1)
FN:32,(anonymous_2)
FN:41,(anonymous_3)
FN:51,(anonymous_4)
FN:58,(anonymous_5)
FN:65,(anonymous_6)
FN:72,(anonymous_7)
FN:79,(anonymous_8)
FN:87,(anonymous_9)
FN:139,(anonymous_10)
FN:146,(anonymous_11)
FN:153,(anonymous_12)
FN:160,(anonymous_13)
FN:167,(anonymous_14)
FN:174,(anonymous_15)
FN:181,(anonymous_16)
FN:188,(anonymous_17)
FN:195,(anonymous_18)
FN:202,(anonymous_19)
FN:213,(anonymous_20)
FN:224,(anonymous_21)
FN:235,(anonymous_22)
FN:245,(anonymous_23)
FN:253,(anonymous_24)
FNF:25
FNH:5
FNDA:0,(anonymous_0)
FNDA:0,(anonymous_1)
FNDA:13,(anonymous_2)
FNDA:0,(anonymous_3)
FNDA:4,(anonymous_4)
FNDA:0,(anonymous_5)
FNDA:5,(anonymous_6)
FNDA:5,(anonymous_7)
FNDA:0,(anonymous_8)
FNDA:0,(anonymous_9)
FNDA:0,(anonymous_10)
FNDA:0,(anonymous_11)
FNDA:0,(anonymous_12)
FNDA:0,(anonymous_13)
FNDA:0,(anonymous_14)
FNDA:0,(anonymous_15)
FNDA:0,(anonymous_16)
FNDA:0,(anonymous_17)
FNDA:0,(anonymous_18)
FNDA:0,(anonymous_19)
FNDA:0,(anonymous_20)
FNDA:0,(anonymous_21)
FNDA:0,(anonymous_22)
FNDA:0,(anonymous_23)
FNDA:2,(anonymous_24)
DA:12,6
DA:13,0
DA:21,6
DA:22,0
DA:32,6
DA:33,13
DA:41,6
DA:42,0
DA:51,6
DA:52,4
DA:58,6
DA:59,0
DA:65,6
DA:66,5
DA:72,6
DA:73,5
DA:79,6
DA:80,0
DA:87,6
DA:88,0
DA:89,0
DA:90,0
DA:91,0
DA:92,0
DA:93,0
DA:99,0
DA:105,0
DA:111,0
DA:117,0
DA:123,0
DA:129,0
DA:135,0
DA:139,6
DA:140,0
DA:146,6
DA:147,0
DA:153,6
DA:154,0
DA:160,6
DA:161,0
DA:167,6
DA:168,0
DA:174,6
DA:175,0
DA:181,6
DA:182,0
DA:188,6
DA:189,0
DA:195,6
DA:196,0
DA:202,6
DA:203,0
DA:213,6
DA:214,0
DA:224,6
DA:225,0
DA:235,6
DA:236,0
DA:245,6
DA:246,0
DA:253,6
DA:254,2
LF:62
LH:30
BRDA:92,0,0,0
BRDA:92,0,1,0
BRDA:92,0,2,0
BRDA:92,0,3,0
BRDA:92,0,4,0
BRDA:92,0,5,0
BRDA:92,0,6,0
BRDA:92,0,7,0
BRDA:246,1,0,0
BRDA:246,1,1,0
BRF:10
BRH:0
end_of_record
TN:
SF:src/tools/text.js
FN:14,(anonymous_0)
FN:18,(anonymous_1)
FN:22,(anonymous_2)
FN:26,(anonymous_3)
FN:30,(anonymous_4)
FN:35,(anonymous_5)
FN:40,(anonymous_6)
FN:45,(anonymous_7)
FN:50,(anonymous_8)
FN:55,(anonymous_9)
FN:83,(anonymous_10)
FNF:11
FNH:11
FNDA:6,(anonymous_0)
FNDA:7,(anonymous_1)
FNDA:7,(anonymous_2)
FNDA:1,(anonymous_3)
FNDA:8,(anonymous_4)
FNDA:8,(anonymous_5)
FNDA:8,(anonymous_6)
FNDA:8,(anonymous_7)
FNDA:8,(anonymous_8)
FNDA:9,(anonymous_9)
FNDA:9,(anonymous_10)
DA:14,7
DA:15,6
DA:18,7
DA:19,7
DA:22,7
DA:23,7
DA:26,7
DA:27,1
DA:30,7
DA:31,8
DA:32,8
DA:35,7
DA:36,8
DA:37,8
DA:40,7
DA:41,8
DA:42,8
DA:45,7
DA:46,8
DA:47,8
DA:50,7
DA:51,8
DA:52,8
DA:55,7
DA:56,9
DA:57,9
DA:59,9
DA:60,4
DA:61,2
DA:65,2
DA:69,5
DA:70,2
DA:73,3
DA:74,2
DA:78,1
DA:80,9
DA:83,7
DA:84,9
DA:85,9
DA:87,9
DA:88,4
DA:89,2
DA:93,2
DA:97,5
DA:98,2
DA:101,3
DA:102,2
DA:106,1
DA:108,9
LF:49
LH:49
BRDA:32,0,0,1
BRDA:32,0,1,7
BRDA:32,1,0,8
BRDA:32,1,1,6
BRDA:37,2,0,1
BRDA:37,2,1,7
BRDA:37,3,0,8
BRDA:37,3,1,6
BRDA:42,4,0,1
BRDA:42,4,1,7
BRDA:42,5,0,8
BRDA:42,5,1,6
BRDA:47,6,0,1
BRDA:47,6,1,7
BRDA:47,7,0,8
BRDA:47,7,1,6
BRDA:52,8,0,1
BRDA:52,8,1,7
BRDA:52,9,0,8
BRDA:52,9,1,6
BRDA:59,10,0,4
BRDA:59,10,1,5
BRDA:59,11,0,9
BRDA:59,11,1,6
BRDA:60,12,0,2
BRDA:60,12,1,2
BRDA:61,13,0,1
BRDA:61,13,1,1
BRDA:65,14,0,1
BRDA:65,14,1,1
BRDA:69,15,0,2
BRDA:69,15,1,3
BRDA:69,16,0,5
BRDA:69,16,1,3
BRDA:70,17,0,1
BRDA:70,17,1,1
BRDA:73,18,0,2
BRDA:73,18,1,1
BRDA:73,19,0,3
BRDA:73,19,1,2
BRDA:74,20,0,1
BRDA:74,20,1,1
BRDA:87,21,0,4
BRDA:87,21,1,5
BRDA:87,22,0,9
BRDA:87,22,1,6
BRDA:88,23,0,2
BRDA:88,23,1,2
BRDA:89,24,0,1
BRDA:89,24,1,1
BRDA:93,25,0,1
BRDA:93,25,1,1
BRDA:97,26,0,2
BRDA:97,26,1,3
BRDA:97,27,0,5
BRDA:97,27,1,3
BRDA:98,28,0,1
BRDA:98,28,1,1
BRDA:101,29,0,2
BRDA:101,29,1,1
BRDA:101,30,0,3
BRDA:101,30,1,2
BRDA:102,31,0,1
BRDA:102,31,1,1
BRF:64
BRH:64
end_of_record
TN:
SF:src/tools/theme.js
FN:13,(anonymous_0)
FN:32,(anonymous_1)
FN:53,(anonymous_2)
FN:58,(anonymous_3)
FNF:4
FNH:0
FNDA:0,(anonymous_0)
FNDA:0,(anonymous_1)
FNDA:0,(anonymous_2)
FNDA:0,(anonymous_3)
DA:13,0
DA:14,0
DA:15,0
DA:16,0
DA:22,0
DA:23,0
DA:24,0
DA:32,0
DA:33,0
DA:34,0
DA:36,0
DA:37,0
DA:40,0
DA:41,0
DA:44,0
DA:45,0
DA:49,0
DA:53,0
DA:54,0
DA:55,0
DA:58,0
DA:59,0
DA:60,0
LF:23
LH:0
BRDA:15,0,0,0
BRDA:15,0,1,0
BRDA:15,1,0,0
BRDA:15,1,1,0
BRDA:33,2,0,0
BRDA:33,2,1,0
BRDA:34,3,0,0
BRDA:34,3,1,0
BRDA:34,3,2,0
BRF:9
BRH:0
end_of_record
