TN:
SF:src/components/about.jsx
FN:28,(anonymous_0)
FN:47,(anonymous_1)
FN:51,(anonymous_2)
FN:72,(anonymous_3)
FNF:4
FNH:4
FNDA:2,(anonymous_0)
FNDA:2,(anonymous_1)
FNDA:8,(anonymous_2)
FNDA:2,(anonymous_3)
DA:28,3
DA:29,2
DA:30,2
DA:31,2
DA:47,3
DA:48,2
DA:49,2
DA:53,8
DA:56,8
DA:72,3
DA:73,2
DA:74,2
DA:75,2
LF:13
LH:13
BRDA:53,0,0,4
BRDA:53,0,1,4
BRDA:56,1,0,4
BRDA:56,1,1,4
BRF:4
BRH:4
end_of_record
TN:
SF:src/components/header.jsx
FN:23,(anonymous_0)
FN:24,(anonymous_1)
FNF:2
FNH:2
FNDA:5,(anonymous_0)
FNDA:10,(anonymous_1)
DA:23,3
DA:24,10
DA:25,5
LF:3
LH:3
BRF:0
BRH:0
end_of_record
TN:
SF:src/components/text.jsx
FN:22,(anonymous_0)
FN:38,(anonymous_1)
FN:54,(anonymous_2)
FN:77,(anonymous_3)
FN:78,(anonymous_4)
FN:79,(anonymous_5)
FN:80,(anonymous_6)
FN:86,(anonymous_7)
FN:109,(anonymous_8)
FN:110,(anonymous_9)
FN:111,(anonymous_10)
FN:112,(anonymous_11)
FN:118,(anonymous_12)
FNF:13
FNH:13
FNDA:13,(anonymous_0)
FNDA:14,(anonymous_1)
FNDA:12,(anonymous_2)
FNDA:10,(anonymous_3)
FNDA:20,(anonymous_4)
FNDA:20,(anonymous_5)
FNDA:96,(anonymous_6)
FNDA:32,(anonymous_7)
FNDA:10,(anonymous_8)
FNDA:20,(anonymous_9)
FNDA:20,(anonymous_10)
FNDA:48,(anonymous_11)
FNDA:48,(anonymous_12)
DA:22,5
DA:23,13
DA:38,5
DA:39,14
DA:54,5
DA:55,12
DA:77,5
DA:78,20
DA:79,20
DA:80,96
DA:81,10
DA:86,32
DA:109,5
DA:110,20
DA:111,20
DA:112,48
DA:113,10
DA:119,48
DA:120,48
LF:19
LH:19
BRDA:25,0,0,5
BRDA:25,0,1,8
BRDA:41,1,0,10
BRDA:41,1,1,4
BRDA:59,2,0,4
BRDA:59,2,1,8
BRDA:84,3,0,0
BRDA:84,3,1,10
BRDA:90,4,0,0
BRDA:90,4,1,32
BRDA:115,5,0,0
BRDA:115,5,1,10
BRDA:117,6,0,0
BRDA:117,6,1,10
BRDA:121,7,0,0
BRDA:121,7,1,48
BRF:16
BRH:11
end_of_record
TN:
SF:src/tools/idGen.js
FN:9,(anonymous_0)
FNF:1
FNH:1
FNDA:77,(anonymous_0)
DA:9,8
DA:10,77
DA:11,1
DA:12,1
DA:13,1
DA:14,1
DA:15,2
DA:16,1
DA:17,1
DA:18,1
DA:19,3
DA:20,3
DA:21,3
DA:22,3
DA:23,1
DA:24,11
DA:25,12
DA:26,10
DA:27,6
DA:28,6
DA:29,1
DA:30,4
DA:31,4
DA:32,1
LF:24
LH:24
BRDA:10,0,0,1
BRDA:10,0,1,1
BRDA:10,0,2,1
BRDA:10,0,3,1
BRDA:10,0,4,2
BRDA:10,0,5,1
BRDA:10,0,6,1
BRDA:10,0,7,1
BRDA:10,0,8,3
BRDA:10,0,9,3
BRDA:10,0,10,3
BRDA:10,0,11,3
BRDA:10,0,12,1
BRDA:10,0,13,11
BRDA:10,0,14,12
BRDA:10,0,15,10
BRDA:10,0,16,6
BRDA:10,0,17,6
BRDA:10,0,18,1
BRDA:10,0,19,4
BRDA:10,0,20,4
BRDA:10,0,21,1
BRF:22
BRH:22
end_of_record
TN:
SF:src/tools/text.js
FN:14,(anonymous_0)
FN:18,(anonymous_1)
FN:22,(anonymous_2)
FN:26,(anonymous_3)
FN:30,(anonymous_4)
FN:35,(anonymous_5)
FN:40,(anonymous_6)
FN:47,(anonymous_7)
FN:54,(anonymous_8)
FN:61,(anonymous_9)
FN:68,(anonymous_10)
FN:75,(anonymous_11)
FN:82,(anonymous_12)
FN:110,(anonymous_13)
FN:138,(anonymous_14)
FN:142,(anonymous_15)
FN:146,(anonymous_16)
FNF:17
FNH:17
FNDA:8,(anonymous_0)
FNDA:10,(anonymous_1)
FNDA:9,(anonymous_2)
FNDA:1,(anonymous_3)
FNDA:6,(anonymous_4)
FNDA:10,(anonymous_5)
FNDA:6,(anonymous_6)
FNDA:6,(anonymous_7)
FNDA:6,(anonymous_8)
FNDA:6,(anonymous_9)
FNDA:6,(anonymous_10)
FNDA:6,(anonymous_11)
FNDA:9,(anonymous_12)
FNDA:9,(anonymous_13)
FNDA:3,(anonymous_14)
FNDA:3,(anonymous_15)
FNDA:3,(anonymous_16)
DA:14,8
DA:15,8
DA:18,8
DA:19,10
DA:22,8
DA:23,9
DA:26,8
DA:27,1
DA:30,8
DA:31,6
DA:32,6
DA:35,8
DA:36,10
DA:37,10
DA:40,8
DA:41,6
DA:42,6
DA:47,8
DA:48,6
DA:49,6
DA:54,8
DA:55,6
DA:56,6
DA:61,8
DA:62,6
DA:63,6
DA:68,8
DA:69,6
DA:70,6
DA:75,8
DA:76,6
DA:77,6
DA:82,8
DA:83,9
DA:84,9
DA:86,9
DA:87,4
DA:88,2
DA:92,2
DA:96,5
DA:97,2
DA:100,3
DA:101,2
DA:105,1
DA:107,9
DA:110,8
DA:111,9
DA:112,9
DA:114,9
DA:115,4
DA:116,2
DA:120,2
DA:124,5
DA:125,2
DA:128,3
DA:129,2
DA:133,1
DA:135,9
DA:138,8
DA:139,3
DA:142,8
DA:143,3
DA:146,8
DA:147,3
LF:64
LH:64
BRDA:32,0,0,1
BRDA:32,0,1,5
BRDA:32,1,0,6
BRDA:32,1,1,4
BRDA:37,2,0,1
BRDA:37,2,1,9
BRDA:37,3,0,10
BRDA:37,3,1,8
BRDA:42,4,0,1
BRDA:42,4,1,5
BRDA:42,5,0,6
BRDA:42,5,1,4
BRDA:49,6,0,1
BRDA:49,6,1,5
BRDA:49,7,0,6
BRDA:49,7,1,4
BRDA:56,8,0,1
BRDA:56,8,1,5
BRDA:56,9,0,6
BRDA:56,9,1,4
BRDA:63,10,0,1
BRDA:63,10,1,5
BRDA:63,11,0,6
BRDA:63,11,1,4
BRDA:70,12,0,1
BRDA:70,12,1,5
BRDA:70,13,0,6
BRDA:70,13,1,4
BRDA:77,14,0,1
BRDA:77,14,1,5
BRDA:77,15,0,6
BRDA:77,15,1,4
BRDA:86,16,0,4
BRDA:86,16,1,5
BRDA:86,17,0,9
BRDA:86,17,1,6
BRDA:87,18,0,2
BRDA:87,18,1,2
BRDA:88,19,0,1
BRDA:88,19,1,1
BRDA:92,20,0,1
BRDA:92,20,1,1
BRDA:96,21,0,2
BRDA:96,21,1,3
BRDA:96,22,0,5
BRDA:96,22,1,3
BRDA:97,23,0,1
BRDA:97,23,1,1
BRDA:100,24,0,2
BRDA:100,24,1,1
BRDA:100,25,0,3
BRDA:100,25,1,2
BRDA:101,26,0,1
BRDA:101,26,1,1
BRDA:114,27,0,4
BRDA:114,27,1,5
BRDA:114,28,0,9
BRDA:114,28,1,6
BRDA:115,29,0,2
BRDA:115,29,1,2
BRDA:116,30,0,1
BRDA:116,30,1,1
BRDA:120,31,0,1
BRDA:120,31,1,1
BRDA:124,32,0,2
BRDA:124,32,1,3
BRDA:124,33,0,5
BRDA:124,33,1,3
BRDA:125,34,0,1
BRDA:125,34,1,1
BRDA:128,35,0,2
BRDA:128,35,1,1
BRDA:128,36,0,3
BRDA:128,36,1,2
BRDA:129,37,0,1
BRDA:129,37,1,1
BRF:76
BRH:76
end_of_record
